<?xml version="1.0" encoding="UTF-8"?>
<!-- Generated by org.testng.reporters.JUnitReportReporter -->
<testsuite skipped="0" hostname="LAPTOP-36B4VAO2" name="com.myfirstproject.testcases.TitlePageTest" tests="6" failures="0" timestamp="27 Jan 2019 15:32:03 GMT" time="75.658" errors="0">
  <testcase name="titlePageTitle" time="10.174" classname="com.myfirstproject.testcases.TitlePageTest"/>
  <testcase name="findaStudioTest" time="11.586" classname="com.myfirstproject.testcases.TitlePageTest"/>
  <testcase name="findaStudioClick" time="13.023" classname="com.myfirstproject.testcases.TitlePageTest"/>
  <testcase name="findaStudioDistance" time="13.549" classname="com.myfirstproject.testcases.TitlePageTest"/>
  <testcase name="findaStudioLocationName" time="14.437" classname="com.myfirstproject.testcases.TitlePageTest"/>
  <testcase name="findaStudioTime" time="12.889" classname="com.myfirstproject.testcases.TitlePageTest"/>
</testsuite> <!-- com.myfirstproject.testcases.TitlePageTest -->
