<?xml version="1.0" encoding="UTF-8"?>
<!-- Generated by org.testng.reporters.JUnitReportReporter -->
<testsuite skipped="0" hostname="LAPTOP-36B4VAO2" name="com.myfirstproject.testcases.ProductNServicesTest" tests="1" failures="0" timestamp="26 Jan 2019 14:07:17 GMT" time="9.042" errors="0">
  <testcase name="newproductTest" time="9.042" classname="com.myfirstproject.testcases.ProductNServicesTest"/>
</testsuite> <!-- com.myfirstproject.testcases.ProductNServicesTest -->
